c:\users\daladushkin\desktop\flex\extensions\compiler\vc14win64\build\win64\release\vc140.pdb
c:\users\daladushkin\desktop\flex\extensions\compiler\vc14win64\build\win64\release\aabbtree.obj
c:\users\daladushkin\desktop\flex\extensions\compiler\vc14win64\build\win64\release\maths.obj
c:\users\daladushkin\desktop\flex\extensions\compiler\vc14win64\build\win64\release\voxelize.obj
c:\users\daladushkin\desktop\flex\extensions\compiler\vc14win64\build\win64\release\sdf.obj
c:\users\daladushkin\desktop\flex\extensions\compiler\vc14win64\build\win64\release\flexextsoft.obj
c:\users\daladushkin\desktop\flex\extensions\compiler\vc14win64\build\win64\release\flexextrigid.obj
c:\users\daladushkin\desktop\flex\extensions\compiler\vc14win64\build\win64\release\flexextmovingframe.obj
c:\users\daladushkin\desktop\flex\extensions\compiler\vc14win64\build\win64\release\flexextcontainer.obj
c:\users\daladushkin\desktop\flex\extensions\compiler\vc14win64\build\win64\release\flexextcloth.obj
c:\users\daladushkin\desktop\flex\extensions\compiler\vc14win64\x64\flexextcuda\release\cuda\flexext.obj
c:\users\daladushkin\desktop\flex\lib\win64\nvflexextreleasecuda_x64.lib
c:\users\daladushkin\desktop\flex\lib\win64\nvflexextreleasecuda_x64.exp
c:\users\daladushkin\desktop\flex\bin\win64\nvflexextreleasecuda_x64.dll
c:\users\daladushkin\desktop\flex\bin\win64\nvflexextreleasecuda_x64.ipdb
c:\users\daladushkin\desktop\flex\bin\win64\nvflexextreleasecuda_x64.iobj
c:\users\daladushkin\desktop\flex\bin\win64\nvflexextreleasecuda_x64.dll.pdb
c:\users\daladushkin\desktop\flex\extensions\compiler\vc14win64\./../../../bin/win64\nvflexextreleasecuda_x64.dll
c:\users\daladushkin\desktop\flex\extensions\compiler\vc14win64\build\win64\release\flexextcuda.tlog\cl.command.1.tlog
c:\users\daladushkin\desktop\flex\extensions\compiler\vc14win64\build\win64\release\flexextcuda.tlog\cl.read.1.tlog
c:\users\daladushkin\desktop\flex\extensions\compiler\vc14win64\build\win64\release\flexextcuda.tlog\cl.write.1.tlog
c:\users\daladushkin\desktop\flex\extensions\compiler\vc14win64\build\win64\release\flexextcuda.tlog\custombuild.command.1.tlog
c:\users\daladushkin\desktop\flex\extensions\compiler\vc14win64\build\win64\release\flexextcuda.tlog\custombuild.read.1.tlog
c:\users\daladushkin\desktop\flex\extensions\compiler\vc14win64\build\win64\release\flexextcuda.tlog\custombuild.write.1.tlog
c:\users\daladushkin\desktop\flex\extensions\compiler\vc14win64\build\win64\release\flexextcuda.tlog\flexextcuda.write.1u.tlog
c:\users\daladushkin\desktop\flex\extensions\compiler\vc14win64\build\win64\release\flexextcuda.tlog\link.command.1.tlog
c:\users\daladushkin\desktop\flex\extensions\compiler\vc14win64\build\win64\release\flexextcuda.tlog\link.read.1.tlog
c:\users\daladushkin\desktop\flex\extensions\compiler\vc14win64\build\win64\release\flexextcuda.tlog\link.write.1.tlog
